{"/app/backend/src/app.controller.ts": {"path":"/app/backend/src/app.controller.ts","statementMap":{"0":{"start":{"line":1,"column":0},"end":{"line":1,"column":49}},"1":{"start":{"line":2,"column":0},"end":{"line":2,"column":43}},"2":{"start":{"line":5,"column":7},"end":{"line":12,"column":null}},"3":{"start":{"line":6,"column":31},"end":{"line":6,"column":43}},"4":{"start":{"line":10,"column":4},"end":{"line":10,"column":38}},"5":{"start":{"line":5,"column":13},"end":{"line":5,"column":26}},"6":{"start":{"line":9,"column":2},"end":{"line":11,"column":null}},"7":{"start":{"line":5,"column":13},"end":{"line":12,"column":null}}},"fnMap":{"0":{"name":"(anonymous_2)","decl":{"start":{"line":6,"column":2},"end":{"line":6,"column":31}},"loc":{"start":{"line":6,"column":53},"end":{"line":6,"column":57}}},"1":{"name":"(anonymous_3)","decl":{"start":{"line":9,"column":2},"end":{"line":9,"column":10}},"loc":{"start":{"line":9,"column":10},"end":{"line":11,"column":3}}}},"branchMap":{},"s":{"0":0,"1":0,"2":0,"3":0,"4":0,"5":0,"6":0,"7":0},"f":{"0":0,"1":0},"b":{}}
,"/app/backend/src/app.module.ts": {"path":"/app/backend/src/app.module.ts","statementMap":{"0":{"start":{"line":1,"column":0},"end":{"line":1,"column":40}},"1":{"start":{"line":2,"column":0},"end":{"line":2,"column":46}},"2":{"start":{"line":3,"column":0},"end":{"line":3,"column":60}},"3":{"start":{"line":4,"column":0},"end":{"line":4,"column":66}},"4":{"start":{"line":5,"column":0},"end":{"line":5,"column":54}},"5":{"start":{"line":6,"column":0},"end":{"line":6,"column":57}},"6":{"start":{"line":20,"column":7},"end":{"line":20,"column":null}},"7":{"start":{"line":20,"column":13},"end":{"line":20,"column":22}},"8":{"start":{"line":20,"column":13},"end":{"line":20,"column":null}}},"fnMap":{},"branchMap":{"0":{"loc":{"start":{"line":11,"column":19},"end":{"line":11,"column":73}},"type":"cond-expr","locations":[{"start":{"line":11,"column":53},"end":{"line":11,"column":64}},{"start":{"line":11,"column":67},"end":{"line":11,"column":73}}]}},"s":{"0":0,"1":0,"2":0,"3":0,"4":0,"5":0,"6":0,"7":0,"8":0},"f":{},"b":{"0":[0,0]}}
,"/app/backend/src/app.service.ts": {"path":"/app/backend/src/app.service.ts","statementMap":{"0":{"start":{"line":1,"column":0},"end":{"line":1,"column":44}},"1":{"start":{"line":4,"column":7},"end":{"line":8,"column":null}},"2":{"start":{"line":6,"column":4},"end":{"line":6,"column":26}},"3":{"start":{"line":4,"column":13},"end":{"line":4,"column":23}},"4":{"start":{"line":4,"column":13},"end":{"line":8,"column":null}}},"fnMap":{"0":{"name":"(anonymous_1)","decl":{"start":{"line":5,"column":2},"end":{"line":5,"column":10}},"loc":{"start":{"line":5,"column":10},"end":{"line":7,"column":3}}}},"branchMap":{},"s":{"0":0,"1":0,"2":0,"3":0,"4":0},"f":{"0":0},"b":{}}
,"/app/backend/src/main.ts": {"path":"/app/backend/src/main.ts","statementMap":{"0":{"start":{"line":1,"column":0},"end":{"line":1,"column":43}},"1":{"start":{"line":2,"column":0},"end":{"line":2,"column":41}},"2":{"start":{"line":3,"column":0},"end":{"line":3,"column":65}},"3":{"start":{"line":6,"column":14},"end":{"line":6,"column":49}},"4":{"start":{"line":9,"column":17},"end":{"line":14,"column":12}},"5":{"start":{"line":15,"column":19},"end":{"line":15,"column":60}},"6":{"start":{"line":16,"column":2},"end":{"line":16,"column":44}},"7":{"start":{"line":18,"column":2},"end":{"line":18,"column":25}},"8":{"start":{"line":20,"column":0},"end":{"line":20,"column":12}}},"fnMap":{"0":{"name":"bootstrap","decl":{"start":{"line":5,"column":15},"end":{"line":5,"column":24}},"loc":{"start":{"line":5,"column":24},"end":{"line":19,"column":1}}}},"branchMap":{},"s":{"0":0,"1":0,"2":0,"3":0,"4":0,"5":0,"6":0,"7":0,"8":0},"f":{"0":0},"b":{}}
,"/app/backend/src/brands/brands.controller.ts": {"path":"/app/backend/src/brands/brands.controller.ts","statementMap":{"0":{"start":{"line":1,"column":0},"end":{"line":1,"column":56}},"1":{"start":{"line":2,"column":0},"end":{"line":2,"column":49}},"2":{"start":{"line":3,"column":0},"end":{"line":3,"column":52}},"3":{"start":{"line":4,"column":0},"end":{"line":4,"column":41}},"4":{"start":{"line":5,"column":0},"end":{"line":5,"column":79}},"5":{"start":{"line":9,"column":7},"end":{"line":132,"column":null}},"6":{"start":{"line":10,"column":31},"end":{"line":10,"column":46}},"7":{"start":{"line":56,"column":4},"end":{"line":56,"column":48}},"8":{"start":{"line":93,"column":4},"end":{"line":93,"column":68}},"9":{"start":{"line":130,"column":4},"end":{"line":130,"column":74}},"10":{"start":{"line":9,"column":13},"end":{"line":9,"column":29}},"11":{"start":{"line":55,"column":8},"end":{"line":57,"column":null}},"12":{"start":{"line":92,"column":8},"end":{"line":94,"column":null}},"13":{"start":{"line":129,"column":8},"end":{"line":131,"column":null}},"14":{"start":{"line":9,"column":13},"end":{"line":132,"column":null}}},"fnMap":{"0":{"name":"(anonymous_4)","decl":{"start":{"line":10,"column":2},"end":{"line":10,"column":31}},"loc":{"start":{"line":10,"column":59},"end":{"line":10,"column":63}}},"1":{"name":"(anonymous_5)","decl":{"start":{"line":55,"column":2},"end":{"line":55,"column":7}},"loc":{"start":{"line":55,"column":47},"end":{"line":57,"column":3}}},"2":{"name":"(anonymous_6)","decl":{"start":{"line":92,"column":2},"end":{"line":92,"column":7}},"loc":{"start":{"line":92,"column":48},"end":{"line":94,"column":3}}},"3":{"name":"(anonymous_7)","decl":{"start":{"line":129,"column":2},"end":{"line":129,"column":7}},"loc":{"start":{"line":129,"column":53},"end":{"line":131,"column":3}}}},"branchMap":{},"s":{"0":0,"1":0,"2":0,"3":0,"4":0,"5":0,"6":0,"7":0,"8":0,"9":0,"10":0,"11":0,"12":0,"13":0,"14":0},"f":{"0":0,"1":0,"2":0,"3":0},"b":{}}
,"/app/backend/src/brands/brands.module.ts": {"path":"/app/backend/src/brands/brands.module.ts","statementMap":{"0":{"start":{"line":1,"column":0},"end":{"line":1,"column":40}},"1":{"start":{"line":2,"column":0},"end":{"line":2,"column":55}},"2":{"start":{"line":3,"column":0},"end":{"line":3,"column":49}},"3":{"start":{"line":4,"column":0},"end":{"line":4,"column":60}},"4":{"start":{"line":10,"column":7},"end":{"line":10,"column":null}},"5":{"start":{"line":10,"column":13},"end":{"line":10,"column":25}},"6":{"start":{"line":10,"column":13},"end":{"line":10,"column":null}}},"fnMap":{},"branchMap":{},"s":{"0":0,"1":0,"2":0,"3":0,"4":0,"5":0,"6":0},"f":{},"b":{}}
,"/app/backend/src/brands/brands.service.ts": {"path":"/app/backend/src/brands/brands.service.ts","statementMap":{"0":{"start":{"line":1,"column":0},"end":{"line":1,"column":44}},"1":{"start":{"line":2,"column":0},"end":{"line":2,"column":60}},"2":{"start":{"line":7,"column":7},"end":{"line":71,"column":null}},"3":{"start":{"line":8,"column":22},"end":{"line":8,"column":30}},"4":{"start":{"line":11,"column":41},"end":{"line":11,"column":44}},"5":{"start":{"line":12,"column":17},"end":{"line":12,"column":35}},"6":{"start":{"line":14,"column":28},"end":{"line":24,"column":6}},"7":{"start":{"line":26,"column":4},"end":{"line":34,"column":6}},"8":{"start":{"line":38,"column":41},"end":{"line":38,"column":44}},"9":{"start":{"line":39,"column":17},"end":{"line":39,"column":35}},"10":{"start":{"line":41,"column":28},"end":{"line":59,"column":6}},"11":{"start":{"line":61,"column":4},"end":{"line":69,"column":6}},"12":{"start":{"line":7,"column":13},"end":{"line":7,"column":26}},"13":{"start":{"line":7,"column":13},"end":{"line":71,"column":null}}},"fnMap":{"0":{"name":"(anonymous_2)","decl":{"start":{"line":8,"column":2},"end":{"line":8,"column":22}},"loc":{"start":{"line":8,"column":43},"end":{"line":8,"column":47}}},"1":{"name":"(anonymous_3)","decl":{"start":{"line":10,"column":2},"end":{"line":10,"column":7}},"loc":{"start":{"line":10,"column":38},"end":{"line":35,"column":3}}},"2":{"name":"(anonymous_4)","decl":{"start":{"line":37,"column":2},"end":{"line":37,"column":7}},"loc":{"start":{"line":37,"column":62},"end":{"line":70,"column":3}}}},"branchMap":{"0":{"loc":{"start":{"line":11,"column":26},"end":{"line":11,"column":36}},"type":"default-arg","locations":[{"start":{"line":11,"column":34},"end":{"line":11,"column":36}}]},"1":{"loc":{"start":{"line":38,"column":26},"end":{"line":38,"column":36}},"type":"default-arg","locations":[{"start":{"line":38,"column":34},"end":{"line":38,"column":36}}]}},"s":{"0":0,"1":0,"2":0,"3":0,"4":0,"5":0,"6":0,"7":0,"8":0,"9":0,"10":0,"11":0,"12":0,"13":0},"f":{"0":0,"1":0,"2":0},"b":{"0":[0],"1":[0]}}
,"/app/backend/src/brands/dto/get-brands.dto.ts": {"path":"/app/backend/src/brands/dto/get-brands.dto.ts","statementMap":{"0":{"start":{"line":1,"column":0},"end":{"line":1,"column":75}},"1":{"start":{"line":2,"column":0},"end":{"line":2,"column":41}},"2":{"start":{"line":3,"column":0},"end":{"line":3,"column":46}},"3":{"start":{"line":36,"column":2},"end":{"line":36,"column":22}},"4":{"start":{"line":5,"column":0},"end":{"line":5,"column":13}},"5":{"start":{"line":13,"column":2},"end":{"line":13,"column":null}},"6":{"start":{"line":23,"column":2},"end":{"line":23,"column":null}},"7":{"start":{"line":22,"column":14},"end":{"line":22,"column":20}},"8":{"start":{"line":36,"column":2},"end":{"line":36,"column":null}},"9":{"start":{"line":34,"column":14},"end":{"line":34,"column":20}}},"fnMap":{"0":{"name":"(anonymous_2)","decl":{"start":{"line":5,"column":0},"end":{"line":5,"column":13}},"loc":{"start":{"line":5,"column":0},"end":{"line":37,"column":1}}},"1":{"name":"(anonymous_3)","decl":{"start":{"line":22,"column":8},"end":{"line":22,"column":11}},"loc":{"start":{"line":22,"column":14},"end":{"line":22,"column":20}}},"2":{"name":"(anonymous_4)","decl":{"start":{"line":34,"column":8},"end":{"line":34,"column":11}},"loc":{"start":{"line":34,"column":14},"end":{"line":34,"column":20}}}},"branchMap":{},"s":{"0":0,"1":0,"2":0,"3":0,"4":0,"5":0,"6":0,"7":0,"8":0,"9":0},"f":{"0":0,"1":0,"2":0},"b":{}}
,"/app/backend/src/categories/categories.controller.ts": {"path":"/app/backend/src/categories/categories.controller.ts","statementMap":{"0":{"start":{"line":1,"column":0},"end":{"line":1,"column":54}},"1":{"start":{"line":3,"column":0},"end":{"line":3,"column":32}},"2":{"start":{"line":4,"column":0},"end":{"line":4,"column":42}},"3":{"start":{"line":5,"column":0},"end":{"line":5,"column":60}},"4":{"start":{"line":6,"column":0},"end":{"line":6,"column":33}},"5":{"start":{"line":7,"column":0},"end":{"line":7,"column":28}},"6":{"start":{"line":8,"column":0},"end":{"line":8,"column":41}},"7":{"start":{"line":11,"column":0},"end":{"line":11,"column":66}},"8":{"start":{"line":13,"column":0},"end":{"line":198,"column":3}},"9":{"start":{"line":17,"column":2},"end":{"line":72,"column":5}},"10":{"start":{"line":19,"column":4},"end":{"line":24,"column":5}},"11":{"start":{"line":20,"column":6},"end":{"line":20,"column":60}},"12":{"start":{"line":22,"column":6},"end":{"line":22,"column":64}},"13":{"start":{"line":23,"column":6},"end":{"line":23,"column":18}},"14":{"start":{"line":26,"column":41},"end":{"line":28,"column":16}},"15":{"start":{"line":30,"column":4},"end":{"line":30,"column":48}},"16":{"start":{"line":31,"column":4},"end":{"line":31,"column":61}},"17":{"start":{"line":32,"column":4},"end":{"line":32,"column":29}},"18":{"start":{"line":33,"column":4},"end":{"line":33,"column":21}},"19":{"start":{"line":36,"column":4},"end":{"line":71,"column":5}},"20":{"start":{"line":37,"column":6},"end":{"line":37,"column":87}},"21":{"start":{"line":38,"column":6},"end":{"line":48,"column":9}},"22":{"start":{"line":49,"column":6},"end":{"line":70,"column":9}},"23":{"start":{"line":74,"column":2},"end":{"line":111,"column":5}},"24":{"start":{"line":75,"column":4},"end":{"line":110,"column":5}},"25":{"start":{"line":76,"column":6},"end":{"line":76,"column":87}},"26":{"start":{"line":77,"column":6},"end":{"line":87,"column":9}},"27":{"start":{"line":88,"column":6},"end":{"line":109,"column":9}},"28":{"start":{"line":113,"column":2},"end":{"line":118,"column":5}},"29":{"start":{"line":114,"column":4},"end":{"line":116,"column":5}},"30":{"start":{"line":115,"column":6},"end":{"line":115,"column":33}},"31":{"start":{"line":117,"column":4},"end":{"line":117,"column":22}},"32":{"start":{"line":120,"column":2},"end":{"line":150,"column":5}},"33":{"start":{"line":121,"column":21},"end":{"line":124,"column":18}},"34":{"start":{"line":126,"column":4},"end":{"line":149,"column":7}},"35":{"start":{"line":152,"column":2},"end":{"line":167,"column":5}},"36":{"start":{"line":153,"column":21},"end":{"line":156,"column":18}},"37":{"start":{"line":158,"column":4},"end":{"line":165,"column":6}},"38":{"start":{"line":166,"column":4},"end":{"line":166,"column":45}},"39":{"start":{"line":169,"column":2},"end":{"line":184,"column":5}},"40":{"start":{"line":170,"column":21},"end":{"line":173,"column":18}},"41":{"start":{"line":175,"column":4},"end":{"line":182,"column":6}},"42":{"start":{"line":183,"column":4},"end":{"line":183,"column":45}},"43":{"start":{"line":186,"column":2},"end":{"line":197,"column":5}},"44":{"start":{"line":187,"column":21},"end":{"line":190,"column":18}},"45":{"start":{"line":192,"column":4},"end":{"line":196,"column":7}}},"fnMap":{"0":{"name":"(anonymous_10)","decl":{"start":{"line":13,"column":39},"end":{"line":13,"column":42}},"loc":{"start":{"line":13,"column":44},"end":{"line":198,"column":1}}},"1":{"name":"(anonymous_11)","decl":{"start":{"line":17,"column":12},"end":{"line":17,"column":17}},"loc":{"start":{"line":17,"column":23},"end":{"line":72,"column":3}}},"2":{"name":"(anonymous_12)","decl":{"start":{"line":74,"column":13},"end":{"line":74,"column":18}},"loc":{"start":{"line":74,"column":24},"end":{"line":111,"column":3}}},"3":{"name":"(anonymous_13)","decl":{"start":{"line":113,"column":11},"end":{"line":113,"column":16}},"loc":{"start":{"line":113,"column":22},"end":{"line":118,"column":3}}},"4":{"name":"(anonymous_14)","decl":{"start":{"line":120,"column":80},"end":{"line":120,"column":85}},"loc":{"start":{"line":120,"column":91},"end":{"line":150,"column":3}}},"5":{"name":"(anonymous_15)","decl":{"start":{"line":152,"column":74},"end":{"line":152,"column":79}},"loc":{"start":{"line":152,"column":85},"end":{"line":167,"column":3}}},"6":{"name":"(anonymous_16)","decl":{"start":{"line":169,"column":69},"end":{"line":169,"column":74}},"loc":{"start":{"line":169,"column":80},"end":{"line":184,"column":3}}},"7":{"name":"(anonymous_17)","decl":{"start":{"line":186,"column":67},"end":{"line":186,"column":72}},"loc":{"start":{"line":186,"column":78},"end":{"line":197,"column":3}}}},"branchMap":{"0":{"loc":{"start":{"line":32,"column":10},"end":{"line":32,"column":28}},"type":"cond-expr","locations":[{"start":{"line":32,"column":16},"end":{"line":32,"column":18}},{"start":{"line":32,"column":10},"end":{"line":32,"column":28}}]},"1":{"loc":{"start":{"line":32,"column":10},"end":{"line":32,"column":18}},"type":"binary-expr","locations":[{"start":{"line":32,"column":10},"end":{"line":32,"column":18}},{"start":{"line":32,"column":10},"end":{"line":32,"column":18}}]},"2":{"loc":{"start":{"line":36,"column":4},"end":{"line":71,"column":5}},"type":"if","locations":[{"start":{"line":36,"column":4},"end":{"line":71,"column":5}}]},"3":{"loc":{"start":{"line":75,"column":4},"end":{"line":110,"column":5}},"type":"if","locations":[{"start":{"line":75,"column":4},"end":{"line":110,"column":5}}]},"4":{"loc":{"start":{"line":114,"column":4},"end":{"line":116,"column":5}},"type":"if","locations":[{"start":{"line":114,"column":4},"end":{"line":116,"column":5}}]}},"s":{"0":0,"1":0,"2":0,"3":0,"4":0,"5":0,"6":0,"7":0,"8":0,"9":0,"10":0,"11":0,"12":0,"13":0,"14":0,"15":0,"16":0,"17":0,"18":0,"19":0,"20":0,"21":0,"22":0,"23":0,"24":0,"25":0,"26":0,"27":0,"28":0,"29":0,"30":0,"31":0,"32":0,"33":0,"34":0,"35":0,"36":0,"37":0,"38":0,"39":0,"40":0,"41":0,"42":0,"43":0,"44":0,"45":0},"f":{"0":0,"1":0,"2":0,"3":0,"4":0,"5":0,"6":0,"7":0},"b":{"0":[0,0],"1":[0,0],"2":[0],"3":[0],"4":[0]}}
,"/app/backend/src/categories/categories.service.ts": {"path":"/app/backend/src/categories/categories.service.ts","statementMap":{"0":{"start":{"line":1,"column":0},"end":{"line":1,"column":44}},"1":{"start":{"line":2,"column":0},"end":{"line":2,"column":60}},"2":{"start":{"line":7,"column":7},"end":{"line":44,"column":null}},"3":{"start":{"line":8,"column":22},"end":{"line":8,"column":30}},"4":{"start":{"line":11,"column":41},"end":{"line":11,"column":44}},"5":{"start":{"line":12,"column":17},"end":{"line":12,"column":35}},"6":{"start":{"line":14,"column":32},"end":{"line":32,"column":6}},"7":{"start":{"line":34,"column":4},"end":{"line":42,"column":6}},"8":{"start":{"line":7,"column":13},"end":{"line":7,"column":30}},"9":{"start":{"line":7,"column":13},"end":{"line":44,"column":null}}},"fnMap":{"0":{"name":"(anonymous_2)","decl":{"start":{"line":8,"column":2},"end":{"line":8,"column":22}},"loc":{"start":{"line":8,"column":43},"end":{"line":8,"column":47}}},"1":{"name":"(anonymous_3)","decl":{"start":{"line":10,"column":2},"end":{"line":10,"column":7}},"loc":{"start":{"line":10,"column":70},"end":{"line":43,"column":3}}}},"branchMap":{"0":{"loc":{"start":{"line":11,"column":26},"end":{"line":11,"column":36}},"type":"default-arg","locations":[{"start":{"line":11,"column":34},"end":{"line":11,"column":36}}]}},"s":{"0":0,"1":0,"2":0,"3":0,"4":0,"5":0,"6":0,"7":0,"8":0,"9":0},"f":{"0":0,"1":0},"b":{"0":[0]}}
,"/app/backend/src/categories/dto/get-categories.dto.ts": {"path":"/app/backend/src/categories/dto/get-categories.dto.ts","statementMap":{"0":{"start":{"line":1,"column":0},"end":{"line":1,"column":75}},"1":{"start":{"line":2,"column":0},"end":{"line":2,"column":41}},"2":{"start":{"line":3,"column":0},"end":{"line":3,"column":46}},"3":{"start":{"line":36,"column":2},"end":{"line":36,"column":22}},"4":{"start":{"line":5,"column":0},"end":{"line":5,"column":13}},"5":{"start":{"line":13,"column":2},"end":{"line":13,"column":null}},"6":{"start":{"line":23,"column":2},"end":{"line":23,"column":null}},"7":{"start":{"line":22,"column":14},"end":{"line":22,"column":20}},"8":{"start":{"line":36,"column":2},"end":{"line":36,"column":null}},"9":{"start":{"line":34,"column":14},"end":{"line":34,"column":20}}},"fnMap":{"0":{"name":"(anonymous_2)","decl":{"start":{"line":5,"column":0},"end":{"line":5,"column":13}},"loc":{"start":{"line":5,"column":0},"end":{"line":37,"column":1}}},"1":{"name":"(anonymous_3)","decl":{"start":{"line":22,"column":8},"end":{"line":22,"column":11}},"loc":{"start":{"line":22,"column":14},"end":{"line":22,"column":20}}},"2":{"name":"(anonymous_4)","decl":{"start":{"line":34,"column":8},"end":{"line":34,"column":11}},"loc":{"start":{"line":34,"column":14},"end":{"line":34,"column":20}}}},"branchMap":{},"s":{"0":0,"1":0,"2":0,"3":0,"4":0,"5":0,"6":0,"7":0,"8":0,"9":0},"f":{"0":0,"1":0,"2":0},"b":{}}
,"/app/backend/src/products/products.controller.ts": {"path":"/app/backend/src/products/products.controller.ts","statementMap":{"0":{"start":{"line":1,"column":0},"end":{"line":1,"column":56}},"1":{"start":{"line":2,"column":0},"end":{"line":2,"column":53}},"2":{"start":{"line":3,"column":0},"end":{"line":3,"column":56}},"3":{"start":{"line":4,"column":0},"end":{"line":4,"column":41}},"4":{"start":{"line":5,"column":0},"end":{"line":5,"column":79}},"5":{"start":{"line":9,"column":7},"end":{"line":155,"column":null}},"6":{"start":{"line":10,"column":31},"end":{"line":10,"column":48}},"7":{"start":{"line":64,"column":4},"end":{"line":64,"column":52}},"8":{"start":{"line":109,"column":4},"end":{"line":109,"column":72}},"9":{"start":{"line":153,"column":4},"end":{"line":153,"column":78}},"10":{"start":{"line":9,"column":13},"end":{"line":9,"column":31}},"11":{"start":{"line":63,"column":8},"end":{"line":65,"column":null}},"12":{"start":{"line":108,"column":8},"end":{"line":110,"column":null}},"13":{"start":{"line":152,"column":8},"end":{"line":154,"column":null}},"14":{"start":{"line":9,"column":13},"end":{"line":155,"column":null}}},"fnMap":{"0":{"name":"(anonymous_4)","decl":{"start":{"line":10,"column":2},"end":{"line":10,"column":31}},"loc":{"start":{"line":10,"column":63},"end":{"line":10,"column":67}}},"1":{"name":"(anonymous_5)","decl":{"start":{"line":63,"column":2},"end":{"line":63,"column":7}},"loc":{"start":{"line":63,"column":51},"end":{"line":65,"column":3}}},"2":{"name":"(anonymous_6)","decl":{"start":{"line":108,"column":2},"end":{"line":108,"column":7}},"loc":{"start":{"line":108,"column":52},"end":{"line":110,"column":3}}},"3":{"name":"(anonymous_7)","decl":{"start":{"line":152,"column":2},"end":{"line":152,"column":7}},"loc":{"start":{"line":152,"column":57},"end":{"line":154,"column":3}}}},"branchMap":{},"s":{"0":0,"1":0,"2":0,"3":0,"4":0,"5":0,"6":0,"7":0,"8":0,"9":0,"10":0,"11":0,"12":0,"13":0,"14":0},"f":{"0":0,"1":0,"2":0,"3":0},"b":{}}
,"/app/backend/src/products/products.module.ts": {"path":"/app/backend/src/products/products.module.ts","statementMap":{"0":{"start":{"line":1,"column":0},"end":{"line":1,"column":40}},"1":{"start":{"line":2,"column":0},"end":{"line":2,"column":53}},"2":{"start":{"line":3,"column":0},"end":{"line":3,"column":59}},"3":{"start":{"line":4,"column":0},"end":{"line":4,"column":60}},"4":{"start":{"line":10,"column":7},"end":{"line":10,"column":null}},"5":{"start":{"line":10,"column":13},"end":{"line":10,"column":27}},"6":{"start":{"line":10,"column":13},"end":{"line":10,"column":null}}},"fnMap":{},"branchMap":{},"s":{"0":0,"1":0,"2":0,"3":0,"4":0,"5":0,"6":0},"f":{},"b":{}}
,"/app/backend/src/products/products.service.ts": {"path":"/app/backend/src/products/products.service.ts","statementMap":{"0":{"start":{"line":1,"column":0},"end":{"line":1,"column":44}},"1":{"start":{"line":2,"column":0},"end":{"line":2,"column":60}},"2":{"start":{"line":7,"column":7},"end":{"line":73,"column":null}},"3":{"start":{"line":8,"column":22},"end":{"line":8,"column":30}},"4":{"start":{"line":11,"column":41},"end":{"line":11,"column":44}},"5":{"start":{"line":12,"column":17},"end":{"line":12,"column":35}},"6":{"start":{"line":14,"column":30},"end":{"line":25,"column":6}},"7":{"start":{"line":27,"column":4},"end":{"line":35,"column":6}},"8":{"start":{"line":39,"column":41},"end":{"line":39,"column":44}},"9":{"start":{"line":40,"column":17},"end":{"line":40,"column":35}},"10":{"start":{"line":42,"column":30},"end":{"line":61,"column":6}},"11":{"start":{"line":63,"column":4},"end":{"line":71,"column":6}},"12":{"start":{"line":7,"column":13},"end":{"line":7,"column":28}},"13":{"start":{"line":7,"column":13},"end":{"line":73,"column":null}}},"fnMap":{"0":{"name":"(anonymous_2)","decl":{"start":{"line":8,"column":2},"end":{"line":8,"column":22}},"loc":{"start":{"line":8,"column":43},"end":{"line":8,"column":47}}},"1":{"name":"(anonymous_3)","decl":{"start":{"line":10,"column":2},"end":{"line":10,"column":7}},"loc":{"start":{"line":10,"column":42},"end":{"line":36,"column":3}}},"2":{"name":"(anonymous_4)","decl":{"start":{"line":38,"column":2},"end":{"line":38,"column":7}},"loc":{"start":{"line":38,"column":66},"end":{"line":72,"column":3}}}},"branchMap":{"0":{"loc":{"start":{"line":11,"column":26},"end":{"line":11,"column":36}},"type":"default-arg","locations":[{"start":{"line":11,"column":34},"end":{"line":11,"column":36}}]},"1":{"loc":{"start":{"line":39,"column":26},"end":{"line":39,"column":36}},"type":"default-arg","locations":[{"start":{"line":39,"column":34},"end":{"line":39,"column":36}}]}},"s":{"0":0,"1":0,"2":0,"3":0,"4":0,"5":0,"6":0,"7":0,"8":0,"9":0,"10":0,"11":0,"12":0,"13":0},"f":{"0":0,"1":0,"2":0},"b":{"0":[0],"1":[0]}}
,"/app/backend/src/products/dto/get-products.dto.ts": {"path":"/app/backend/src/products/dto/get-products.dto.ts","statementMap":{"0":{"start":{"line":1,"column":0},"end":{"line":1,"column":75}},"1":{"start":{"line":2,"column":0},"end":{"line":2,"column":41}},"2":{"start":{"line":3,"column":0},"end":{"line":3,"column":46}},"3":{"start":{"line":36,"column":2},"end":{"line":36,"column":22}},"4":{"start":{"line":5,"column":0},"end":{"line":5,"column":13}},"5":{"start":{"line":13,"column":2},"end":{"line":13,"column":null}},"6":{"start":{"line":23,"column":2},"end":{"line":23,"column":null}},"7":{"start":{"line":22,"column":14},"end":{"line":22,"column":20}},"8":{"start":{"line":36,"column":2},"end":{"line":36,"column":null}},"9":{"start":{"line":34,"column":14},"end":{"line":34,"column":20}}},"fnMap":{"0":{"name":"(anonymous_2)","decl":{"start":{"line":5,"column":0},"end":{"line":5,"column":13}},"loc":{"start":{"line":5,"column":0},"end":{"line":37,"column":1}}},"1":{"name":"(anonymous_3)","decl":{"start":{"line":22,"column":8},"end":{"line":22,"column":11}},"loc":{"start":{"line":22,"column":14},"end":{"line":22,"column":20}}},"2":{"name":"(anonymous_4)","decl":{"start":{"line":34,"column":8},"end":{"line":34,"column":11}},"loc":{"start":{"line":34,"column":14},"end":{"line":34,"column":20}}}},"branchMap":{},"s":{"0":0,"1":0,"2":0,"3":0,"4":0,"5":0,"6":0,"7":0,"8":0,"9":0},"f":{"0":0,"1":0,"2":0},"b":{}}
}
